2024-04-08 23:06:10,842 - INFO - Guardify Install command started.
2024-04-08 23:06:30,789 - INFO - Guardify Install command started.
2024-04-08 23:10:25,297 - INFO - Guardify Install command started.
2024-04-08 23:18:51,291 - INFO - Guardify Install command started.
2024-04-08 23:20:10,362 - INFO - Package colurama.tar.gz installed successfully.
2024-04-08 23:20:59,710 - INFO - Guardify Install command started.
2024-04-08 23:21:00,805 - INFO - Package numpy installed successfully.
2024-04-08 23:42:26,649 - INFO - Guardify Install command started.
2024-04-09 01:24:25,725 - INFO - Guardify Install command started.
2024-04-09 01:26:55,852 - INFO - Guardify Install command started.
2024-04-09 01:28:32,824 - INFO - Guardify Install command started.
2024-04-09 01:29:43,354 - INFO - Guardify Install command started.
2024-04-09 01:31:57,647 - INFO - Guardify Install command started.
2024-04-09 01:36:20,851 - INFO - Guardify Install command started.
2024-04-09 01:38:03,614 - INFO - Guardify Install command started.
2024-04-09 01:38:18,821 - INFO - Guardify Install command started.
2024-04-09 01:40:36,943 - INFO - Guardify Install command started.
2024-04-09 01:40:36,953 - WARNING - Obfuscation pattern 'Long variable name' detected in file colurama-0.0.3/colurama/color.py of colurama.tar.gz.
2024-04-09 02:22:34,179 - INFO - Guardify Install command started.
2024-04-09 02:22:35,066 - ERROR - Error during installation of colurama.tar: Command '['pip', 'install', 'colurama.tar']' returned non-zero exit status 1.
2024-04-09 02:22:43,824 - INFO - Guardify Install command started.
2024-04-09 02:22:43,835 - WARNING - Obfuscation pattern 'Long variable name' detected in file colurama-0.0.3/colurama/color.py of colurama.tar.gz.
