WARNING: 02:22:34 pip 65485 sys_enter_newfstatat -> /etc/xdg/pip/pip.conf matches the greylist!
WARNING: 02:22:34 pip 65485 sys_enter_newfstatat -> /etc/xdg/pip/pip.conf matches the greylist!
WARNING: 02:22:34 pip 65486 sys_enter_openat -> /proc/self/fd matches the blacklist!
WARNING: 02:22:34 pip 65488 sys_enter_openat -> /proc/self/fd matches the blacklist!
WARNING: 02:22:34 pip 65485 sys_enter_newfstatat -> /etc/httpd/conf/mime.types matches the blacklist!
WARNING: 02:27:19 pip 65512 sys_enter_newfstatat -> /root/.local/lib/python3.10/site-packages matches the blacklist!
WARNING: 02:27:21 pip 65512 sys_enter_newfstatat -> /etc/xdg/pip/pip.conf matches the greylist!
WARNING: 02:27:21 pip 65512 sys_enter_newfstatat -> /root/.pip/pip.conf matches the blacklist!
WARNING: 02:27:21 pip 65512 sys_enter_newfstatat -> /root/.config/pip/pip.conf matches the blacklist!
WARNING: 02:27:21 pip 65512 sys_enter_newfstatat -> /etc/xdg/pip/pip.conf matches the greylist!
WARNING: 02:27:21 pip 65512 sys_enter_newfstatat -> /root/.pip/pip.conf matches the blacklist!
WARNING: 02:27:21 pip 65512 sys_enter_newfstatat -> /root/.config/pip/pip.conf matches the blacklist!
WARNING: 02:27:21 pip 65512 sys_enter_newfstatat -> /root/.cache matches the blacklist!
WARNING: 02:27:21 pip 65512 sys_enter_newfstatat -> /root/.cache/pip matches the blacklist!
WARNING: 02:27:21 pip 65512 sys_enter_newfstatat -> /root/.cache/pip matches the blacklist!
WARNING: 02:27:21 pip 65512 sys_enter_openat -> /root/.cache/pip matches the blacklist!
WARNING: 02:27:21 pip 65513 sys_enter_openat -> /proc/self/fd matches the blacklist!
WARNING: 02:27:21 pip 65515 sys_enter_openat -> /proc/self/fd matches the blacklist!
WARNING: 02:27:22 pip 65512 sys_enter_newfstatat -> /etc/httpd/conf/mime.types matches the blacklist!
WARNING: 02:27:22 pip 65516 sys_enter_openat -> /proc/self/fd matches the blacklist!
WARNING: 02:27:23 pip 65512 sys_enter_newfstatat -> /root/.cache/pip/wheels/4b/99/de matches the blacklist!
WARNING: 02:27:23 pip 65528 sys_enter_openat -> /proc/self/fd matches the blacklist!
WARNING: 02:27:24 pip 65512 sys_enter_newfstatat -> /root/.cache/pip/wheels/4b/99/de/39d0b7877fc7c76d8c3d2bbd973608035cb1ce104f00cefeec/ceedee-5.8.2-py3-none-any.whl matches the blacklist!
WARNING: 02:27:24 pip 65512 sys_enter_openat -> /root/.cache/pip/wheels/4b/99/de/39d0b7877fc7c76d8c3d2bbd973608035cb1ce104f00cefeec/ceedee-5.8.2-py3-none-any.whl matches the blacklist!
WARNING: 02:27:25 pip 65512 sys_enter_openat -> /root/.cache/pip/wheels/4b/99/de/39d0b7877fc7c76d8c3d2bbd973608035cb1ce104f00cefeec/ceedee-5.8.2-py3-none-any.whl matches the blacklist!
WARNING: 02:27:25 pip 65512 sys_enter_newfstatat -> /root/.local/lib/python3.10/site-packages/ceedee.egg-link matches the blacklist!
WARNING: 02:27:25 pip 65512 sys_enter_newfstatat -> /root/.local/lib/python3.10/site-packages/ceedee.egg-link matches the blacklist!
WARNING: 02:27:25 pip 65512 sys_enter_newfstatat -> /root/.local/lib/python3.10/site-packages/ceedee.egg-link matches the blacklist!
WARNING: 02:27:25 pip 65512 sys_enter_newfstatat -> /root/.local/lib/python3.10/site-packages/ceedee.egg-link matches the blacklist!
WARNING: 02:27:25 pip 65512 sys_enter_newfstatat -> /root/.local/lib/python3.10/site-packages/ceedee.egg-link matches the blacklist!
WARNING: 02:27:25 pip 65512 sys_enter_newfstatat -> /root/.local matches the blacklist!
WARNING: 02:27:25 pip 65512 sys_enter_newfstatat -> /root/.local/lib matches the blacklist!
WARNING: 02:27:25 pip 65512 sys_enter_newfstatat -> /root/.local/lib/python3.10 matches the blacklist!
WARNING: 02:27:25 pip 65512 sys_enter_newfstatat -> /root/.local/lib/python3.10/site-packages matches the blacklist!
WARNING: 02:27:25 pip 65512 sys_enter_openat -> /root/.cache/pip/wheels/4b/99/de/39d0b7877fc7c76d8c3d2bbd973608035cb1ce104f00cefeec/ceedee-5.8.2-py3-none-any.whl matches the blacklist!
WARNING: 02:27:25 pip 65512 sys_enter_openat -> /root/.cache/pip/wheels/4b/99/de/39d0b7877fc7c76d8c3d2bbd973608035cb1ce104f00cefeec/ceedee-5.8.2-py3-none-any.whl matches the blacklist!
